Log file open, 12/06/14 03:18:27
LogInit:Display: Running engine for game: Clockwork
LogInit: Version: 4.6.0-2369412+++depot+UE4-Releases+4.6
LogInit: API Version: 2369412
LogInit: Compiled (64-bit): Nov 24 2014 21:54:04
LogInit: Compiled with Visual C++: 18.00.21005.01
LogInit: Build Configuration: Development
LogInit: Branch Name: ++depot+UE4-Releases+4.6
LogInit: Command line:  
LogInit: Base directory: H:/Programs/Unreal Engine/4.6/Engine/Binaries/Win64/
LogInit: Rocket: 1
[2014.12.06-09.18.27:552][  0]LogTaskGraph: Started task graph with 3 named threads and 4 total threads.
[2014.12.06-09.18.27:594][  0]LogOnline:Warning: No default platform service specified for OnlineSubsystem
[2014.12.06-09.18.27:686][  0]LogInit: Presizing for 0 objects not considered by GC, pre-allocating 0 bytes.
[2014.12.06-09.18.27:699][  0]LogInit: Object subsystem initialized
[2014.12.06-09.18.27:701][  0]LogConsoleResponse:Warning: Skipping Unknown console variable: 'UIScaleRule = ShortestSide'
[2014.12.06-09.18.27:701][  0]LogConsoleResponse:Warning:   Found in ini file 'H:/Projects/Unreal/Clockwork/Clockwork/Saved/Config/Windows/Engine.ini', in section '[/Script/Engine.RendererSettings]'
[2014.12.06-09.18.27:701][  0]LogConsoleResponse:Warning: Skipping Unknown console variable: 'UIScaleCurve = (EditorCurveData=(Keys=),ExternalCurve=None)'
[2014.12.06-09.18.27:701][  0]LogConsoleResponse:Warning:   Found in ini file 'H:/Projects/Unreal/Clockwork/Clockwork/Saved/Config/Windows/Engine.ini', in section '[/Script/Engine.RendererSettings]'
[2014.12.06-09.18.27:702][  0]LogConsoleManager:Warning: Console variable 'r.MSAA.CompositingSampleCount' wasn't set (Priority ProjectSetting < Scalability)
[2014.12.06-09.18.27:702][  0]LogInit: Selected Device Profile: [Windows]
[2014.12.06-09.18.27:702][  0]LogInit: Applying CVar settings loaded from the selected device profile: [Windows]
[2014.12.06-09.18.27:710][  0]LogInit: Computer: EVERETT-PC
[2014.12.06-09.18.27:710][  0]LogInit: User: Administrator
[2014.12.06-09.18.27:710][  0]LogInit: CPU Page size=4096, Cores=2
[2014.12.06-09.18.27:710][  0]LogInit: High frequency timer resolution =3.527500 MHz
[2014.12.06-09.18.27:710][  0]LogMemory: Memory total: Physical=7.9GB (8GB approx) Virtual=8192.0GB
[2014.12.06-09.18.27:710][  0]LogMemory: Platform Memory Stats for Windows
[2014.12.06-09.18.27:710][  0]LogMemory: Process Physical Memory: 50.56 MB used, 50.56 MB peak
[2014.12.06-09.18.27:710][  0]LogMemory: Process Virtual Memory: 26.51 MB used, 26.62 MB peak
[2014.12.06-09.18.27:710][  0]LogMemory: Physical Memory: 4661.85 MB used, 8097.98 MB total
[2014.12.06-09.18.27:711][  0]LogMemory: Virtual Memory: 268.43 MB used, 8388608.00 MB total
[2014.12.06-09.18.27:848][  0]LogD3D11RHI: Found D3D11 adapter 0: NVIDIA GeForce GTX 660   (Feature Level 11_0)
[2014.12.06-09.18.27:848][  0]LogD3D11RHI: Adapter has 1989MB of dedicated video memory, 0MB of dedicated system memory, and 2048MB of shared system memory, 2 output[s]
[2014.12.06-09.18.27:848][  0]LogD3D11RHI: Chosen D3D11 Adapter Id = 0
[2014.12.06-09.18.27:894][  0]LogRHI: Texture pool is 1361 MB (70% of 1945 MB)
[2014.12.06-09.18.27:941][  0]LogD3D11RHI: Async texture creation enabled
[2014.12.06-09.18.28:600][  0]LogTextLocalizationManager: The requested culture ('en_US') has no localization data; parent culture's ('en') localization data will be used.
[2014.12.06-09.18.28:789][  0]LogContentStreaming: Texture pool size is 0.000000MB
[2014.12.06-09.18.37:911][  0]LogTargetPlatformManager:Display: Building Assets For Windows
[2014.12.06-09.18.39:041][  0]LogTargetPlatformManager:Display: Building Assets For Windows
[2014.12.06-09.18.39:183][  0]LogDerivedDataCache:Display: Max Cache Size: 512 MB
[2014.12.06-09.18.39:831][  0]LogDerivedDataCache: Loaded boot cache 0.65s 35MB C:/Users/Administrator/AppData/Local/UnrealEngine/4.6/DerivedDataCache/Boot.ddc.
[2014.12.06-09.18.39:831][  0]LogDerivedDataCache:Display: Loaded Boot cache: C:/Users/Administrator/AppData/Local/UnrealEngine/4.6/DerivedDataCache/Boot.ddc
[2014.12.06-09.18.39:831][  0]LogDerivedDataCache: FDerivedDataBackendGraph:  Pak pak cache file ../../../../../../Projects/Unreal/Clockwork/Clockwork/DerivedDataCache/DDC.ddp not found, will not use a pak cache.
[2014.12.06-09.18.39:831][  0]LogDerivedDataCache: Unable to find inner node Pak for hierarchical cache Hierarchy.
[2014.12.06-09.18.39:947][  0]LogDerivedDataCache:Display: Pak cache opened for reading ../../../Engine/DerivedDataCache/DDC.ddp.
[2014.12.06-09.18.39:960][  0]LogDerivedDataCache: Using Local data cache path C:/Users/Administrator/AppData/Local/UnrealEngine/Common/DerivedDataCache: Writable
[2014.12.06-09.18.40:247][  0]LogCollisionProfile:Warning: Profile (UI) - Custom Channel Name = 'Weapon' hasn't been found
[2014.12.06-09.18.40:540][  0]LogMeshUtilities: No automatic mesh reduction module available
[2014.12.06-09.18.40:540][  0]LogMeshUtilities: No automatic mesh merging module available
[2014.12.06-09.18.41:415][  0]LogInit: WinSock: version 1.1 (2.2), MaxSocks=32767, MaxUdp=65467
[2014.12.06-09.18.41:631][  0]LogSlate:Warning: Failed to load font data from '../../../Engine/Content/Slate/Fonts/Roboto-Italic.ttf'
[2014.12.06-09.18.44:515][  0]UdpMessaging: Initializing bridge on interface 0.0.0.0:0 to multicast group 230.0.0.1:6666.
[2014.12.06-09.18.45:084][  0]LogDirectoryWatcher:Warning: Failed to begin reading directory changes for H:/Projects/Unreal/Clockwork/Clockwork/Binaries/Win64. Error: 0
[2014.12.06-09.18.45:443][  0]SourceControl: Info Source control is disabled
[2014.12.06-09.18.45:443][  0]SourceControl: Info Source control is disabled
[2014.12.06-09.18.45:466][  0]SourceControl: Info Source control is disabled
[2014.12.06-09.18.45:985][  0]LogObj: 23754 objects as part of root set at end of initial load.
[2014.12.06-09.18.45:985][  0]LogUObjectAllocator: 5168128 out of 0 bytes used by permanent object pool.
[2014.12.06-09.18.46:135][  0]LogEngine: Initializing Engine...
[2014.12.06-09.18.46:380][  0]LogInit: XAudio2 using 'Speakers (Realtek High Definition Audio)' : 2 channels at 48 kHz using 32 bits per sample (channel mask 0x3)
[2014.12.06-09.18.46:474][  0]LogInit: FAudioDevice initialized.
[2014.12.06-09.18.46:550][  0]LogAIModule: Creating AISystem for world NewWorld
[2014.12.06-09.18.46:601][  0]LogDerivedDataCache: Saved boot cache 0.05s 35MB C:/Users/Administrator/AppData/Local/UnrealEngine/4.6/DerivedDataCache/Boot.ddc.
[2014.12.06-09.18.46:610][  0]LogInit: Texture streaming: Enabled
[2014.12.06-09.18.46:728][  0]LogAnalytics: Creating configured Analytics provider AnalyticsET
[2014.12.06-09.18.46:728][  0]LogAnalytics: ET APIKey = Rocket.Release. APIServer = http://et2.epicgames.com/ET2/. AppVersion = 4.6.0-2369412+++depot+UE4-Releases+4.6
[2014.12.06-09.18.46:729][  0]LogAnalytics: SetUserId e19bf7bf8704ea0bd99cb20a9b5cc527
[2014.12.06-09.18.46:729][  0]LogAnalytics: AnalyticsET::StartSession [Rocket.Release]
[2014.12.06-09.18.46:773][  0]LogInit: Transaction tracking system initialized
[2014.12.06-09.18.47:119][  0]BlueprintLog: New page: Editor Load
[2014.12.06-09.18.47:251][  0]LogAssetRegistry: FAssetRegistry took 0.0095 seconds to start up
[2014.12.06-09.18.47:252][  0]LogDirectoryWatcher:Warning: Failed to begin reading directory changes for ../../../Engine/Plugins/Experimental/CharacterAI/Content/. Error: 0
[2014.12.06-09.18.48:472][  0]LogTargetPlatformManager:Display: Building Assets For Windows
[2014.12.06-09.18.49:092][  0]LogTargetPlatformManager:Display: Building Assets For Windows
[2014.12.06-09.18.49:727][  0]LogConsoleResponse:Display: 
[2014.12.06-09.18.49:811][  0]LogLinker:Warning: Asset '../../../Engine/Content/Functions/Engine_MaterialFunctions03/Procedurals/ComputeFilterWidth.uasset' has been saved with empty engine version. The asset will be loaded but may be incompatible.
[2014.12.06-09.18.50:338][  0]SourceControl: Info Source control is disabled
[2014.12.06-09.18.50:338][  0]Cmd: MAP LOAD FILE="../../../../../../Projects/Unreal/Clockwork/Clockwork/Content/Levels/Test_1.umap" TEMPLATE=0 SHOWPROGRESS=1
[2014.12.06-09.18.50:352][  0]LightingResults: New page: Lighting Build
[2014.12.06-09.18.50:376][  0]MapCheck: New page: Map Check
[2014.12.06-09.18.50:376][  0]LightingResults: New page: Lighting Build
[2014.12.06-09.18.50:953][  0]LogParticles: Destroying 0 GPU particle simulations for FXSystem 0x000000001323E700
[2014.12.06-09.18.51:239][  0]LogEditorServer: Finished looking for orphan Actors (0.000 secs)
[2014.12.06-09.18.51:239][  0]LogAIModule: Creating AISystem for world Test_1
[2014.12.06-09.18.51:240][  0]Cmd: MAP CHECKDEP
[2014.12.06-09.18.51:240][  0]MapCheck: New page: Test_1 - Dec 5, 2014, 9:18:51 PM
[2014.12.06-09.18.51:450][  0]MapCheck: Info Map check complete: 0 Error(s), 0 Warning(s), took 209.733ms to complete.
[2014.12.06-09.18.51:450][  0]LogFileHelpers: Loading map 'Test_1' took 1.112
[2014.12.06-09.18.51:619][  0]LogCollectionManager: Loaded 0 collections in 0.002541 seconds
[2014.12.06-09.18.51:973][  0]LogCrashTracker: Crashtracker disabled due to settings.
[2014.12.06-09.18.51:999][  0]LogUObjectGlobals:Warning: Failed to find object 'Class None.'
[2014.12.06-09.18.52:033][  0]LogLoad: Full Startup: 26.55 seconds (BP compile: 0.08 seconds)
[2014.12.06-09.18.52:382][  0]LogContentBrowser:Verbose: The content browser source was changed by the sources view to '/Game/materials'
[2014.12.06-09.18.52:588][  0]LogRenderer:Warning: Reallocating scene render targets to support 1168x896.
[2014.12.06-09.18.53:836][  4]LogAssetRegistry: Asset discovery search completed in 6.5945 seconds
[2014.12.06-09.19.48:949][225]LogPlayLevel: PIE:  No blueprints needed recompiling
[2014.12.06-09.19.48:949][225]PIE: New page: PIE session: Test_1 (Dec 5, 2014, 9:19:48 PM)
[2014.12.06-09.19.48:957][225]LogPlayLevel: PIE: StaticDuplicateObject took: (0.007916s)
[2014.12.06-09.19.48:958][225]LogPlayLevel: PIE: World Init took: (0.000846s)
[2014.12.06-09.19.48:960][225]LogPlayLevel: PIE: Created PIE world by copying editor world from /Game/Levels/Test_1.Test_1 to /Game/Levels/UEDPIE_0_Test_1.Test_1 (0.010485s)
[2014.12.06-09.19.49:010][225]LogWorld: Game class is 'GameMode'
[2014.12.06-09.19.49:012][225]LogAIModule: Creating AISystem for world Test_1
[2014.12.06-09.19.49:016][225]LogWorld: Bringing World /Game/Levels/UEDPIE_0_Test_1.Test_1 up for play (max tick rate 0) at 2014.12.06-03.19.49
[2014.12.06-09.19.49:017][225]LogWorld: Bringing up level for play took: 0.004374
[2014.12.06-09.19.49:018][225]PIE: Info Play in editor start time for /Game/Levels/UEDPIE_0_Test_1 0.136
[2014.12.06-09.19.54:337][576]LogParticles: Destroying 0 GPU particle simulations for FXSystem 0x000000002036C4A0
[2014.12.06-09.20.10:198][348]LogPlayLevel: PIE:  No blueprints needed recompiling
[2014.12.06-09.20.10:198][348]PIE: New page: PIE session: Test_1 (Dec 5, 2014, 9:20:10 PM)
[2014.12.06-09.20.10:206][348]LogPlayLevel: PIE: StaticDuplicateObject took: (0.007161s)
[2014.12.06-09.20.10:207][348]LogPlayLevel: PIE: World Init took: (0.000813s)
[2014.12.06-09.20.10:207][348]LogPlayLevel: PIE: Created PIE world by copying editor world from /Game/Levels/Test_1.Test_1 to /Game/Levels/UEDPIE_0_Test_1.Test_1 (0.008161s)
[2014.12.06-09.20.10:238][348]LogWorld: Game class is 'GameMode'
[2014.12.06-09.20.10:239][348]LogAIModule: Creating AISystem for world Test_1
[2014.12.06-09.20.10:243][348]LogWorld: Bringing World /Game/Levels/UEDPIE_0_Test_1.Test_1 up for play (max tick rate 0) at 2014.12.06-03.20.10
[2014.12.06-09.20.10:243][348]LogWorld: Bringing up level for play took: 0.003772
[2014.12.06-09.20.10:244][348]PIE: Info Play in editor start time for /Game/Levels/UEDPIE_0_Test_1 -0.638
[2014.12.06-09.21.11:454][649]LogParticles: Destroying 0 GPU particle simulations for FXSystem 0x00000000179D5E40
[2014.12.06-09.21.13:368][736]LogContentBrowser:Verbose: The content browser source was changed by the sources view to '/Game/blueprints'
[2014.12.06-09.21.25:055][174]BlueprintLog: New page: Compile Camera_System
[2014.12.06-09.21.25:210][174]BlueprintEditorCompileResults: Info [0179.73] Compile of Camera_System successful! [in 136 ms]
[2014.12.06-09.21.26:498][230]BlueprintLog: New page: Pre-PIE auto-recompile
[2014.12.06-09.21.26:503][230]LogPlayLevel: [PIE] Compiling Tutorial_BP_MacroLib before PIE...
[2014.12.06-09.21.26:617][230]LogPlayLevel: PIE:  Blueprint regeneration took 119 ms (1 blueprints)
[2014.12.06-09.21.26:618][230]PIE: New page: PIE session: Test_1 (Dec 5, 2014, 9:21:26 PM)
[2014.12.06-09.21.26:626][230]LogPlayLevel: PIE: StaticDuplicateObject took: (0.007887s)
[2014.12.06-09.21.26:630][230]LogPlayLevel: PIE: World Init took: (0.003711s)
[2014.12.06-09.21.26:630][230]LogPlayLevel: PIE: Created PIE world by copying editor world from /Game/Levels/Test_1.Test_1 to /Game/Levels/UEDPIE_0_Test_1.Test_1 (0.011823s)
[2014.12.06-09.21.26:667][230]LogWorld: Game class is 'GameMode'
[2014.12.06-09.21.26:669][230]LogAIModule: Creating AISystem for world Test_1
[2014.12.06-09.21.26:679][230]LogWorld: Bringing World /Game/Levels/UEDPIE_0_Test_1.Test_1 up for play (max tick rate 0) at 2014.12.06-03.21.26
[2014.12.06-09.21.26:680][230]LogWorld: Bringing up level for play took: 0.010433
[2014.12.06-09.21.26:681][230]PIE: Info Play in editor start time for /Game/Levels/UEDPIE_0_Test_1 -0.204
[2014.12.06-09.21.54:014][ 90]LogParticles: Destroying 0 GPU particle simulations for FXSystem 0x00000000179D7BA0
[2014.12.06-09.21.57:580][250]LogPlayLevel: PIE:  No blueprints needed recompiling
[2014.12.06-09.21.57:580][250]PIE: New page: PIE session: Test_1 (Dec 5, 2014, 9:21:57 PM)
[2014.12.06-09.21.57:588][250]LogPlayLevel: PIE: StaticDuplicateObject took: (0.007260s)
[2014.12.06-09.21.57:588][250]LogPlayLevel: PIE: World Init took: (0.000810s)
[2014.12.06-09.21.57:589][250]LogPlayLevel: PIE: Created PIE world by copying editor world from /Game/Levels/Test_1.Test_1 to /Game/Levels/UEDPIE_0_Test_1.Test_1 (0.008376s)
[2014.12.06-09.21.57:691][250]LogWorld: Game class is 'GameMode'
[2014.12.06-09.21.57:692][250]LogAIModule: Creating AISystem for world Test_1
[2014.12.06-09.21.57:697][250]LogWorld: Bringing World /Game/Levels/UEDPIE_0_Test_1.Test_1 up for play (max tick rate 0) at 2014.12.06-03.21.57
[2014.12.06-09.21.57:698][250]LogWorld: Bringing up level for play took: 0.005655
[2014.12.06-09.21.57:706][250]PIE: Info Play in editor start time for /Game/Levels/UEDPIE_0_Test_1 0.822
[2014.12.06-09.21.57:754][250]LogRenderer:Warning: Reallocating scene render targets to support 1296x896.
[2014.12.06-09.21.58:948][316]LogParticles: Destroying 0 GPU particle simulations for FXSystem 0x000000001A50C720
[2014.12.06-09.22.15:308][999]LogPlayLevel: PIE:  No blueprints needed recompiling
[2014.12.06-09.22.15:309][999]PIE: New page: PIE session: Test_1 (Dec 5, 2014, 9:22:15 PM)
[2014.12.06-09.22.15:317][999]LogPlayLevel: PIE: StaticDuplicateObject took: (0.007802s)
[2014.12.06-09.22.15:318][999]LogPlayLevel: PIE: World Init took: (0.001282s)
[2014.12.06-09.22.15:318][999]LogPlayLevel: PIE: Created PIE world by copying editor world from /Game/Levels/Test_1.Test_1 to /Game/Levels/UEDPIE_0_Test_1.Test_1 (0.009351s)
[2014.12.06-09.22.15:414][999]LogWorld: Game class is 'GameMode'
[2014.12.06-09.22.15:415][999]LogAIModule: Creating AISystem for world Test_1
[2014.12.06-09.22.15:419][999]LogWorld: Bringing World /Game/Levels/UEDPIE_0_Test_1.Test_1 up for play (max tick rate 0) at 2014.12.06-03.22.15
[2014.12.06-09.22.15:419][999]LogWorld: Bringing up level for play took: 0.003914
[2014.12.06-09.22.15:427][999]PIE: Info Play in editor start time for /Game/Levels/UEDPIE_0_Test_1 0.543
[2014.12.06-09.22.15:468][999]LogRenderer:Warning: Reallocating scene render targets to support 1936x1040.
[2014.12.06-09.23.12:281][942]LogParticles: Destroying 0 GPU particle simulations for FXSystem 0x00000000062984A0
[2014.12.06-09.23.24:678][626]LogEditorViewport: Clicking on Actor (LMB): StaticMeshActor (SM_SkySphere2)
[2014.12.06-09.23.24:692][626]LogPropertyNode:Warning: UI Min (0.001) >= UI Max () for Ranged Numeric
[2014.12.06-09.23.28:745][796]LogContentBrowser:Verbose: The content browser source was changed by the sources view to '/Game/materials'
[2014.12.06-09.23.32:172][898]LogMaterial: Missing cached shader map for material PreviewMaterial_0, compiling.
[2014.12.06-09.23.32:190][898]LogActorComponent: UnregisterComponent: (/Engine/Transient.SkeletalMeshComponent_0) Not registered. Aborting.
[2014.12.06-09.23.32:286][898]LogActorComponent: UnregisterComponent: (/Engine/Transient.SkeletalMeshComponent_0) Not registered. Aborting.
[2014.12.06-09.23.32:286][898]LogActorComponent: RegisterComponentWithWorld: (/Engine/Transient.MaterialEditorMeshComponent_0) Already registered. Aborting.
[2014.12.06-09.23.32:286][898]LogActorComponent: UnregisterComponent: (/Engine/Transient.SkeletalMeshComponent_0) Not registered. Aborting.
[2014.12.06-09.23.32:286][898]LogActorComponent: RegisterComponentWithWorld: (/Engine/Transient.MaterialEditorMeshComponent_0) Already registered. Aborting.
[2014.12.06-09.23.32:308][898]LogMaterial: Missing cached shader map for material PreviewMaterial_0, compiling.
[2014.12.06-09.23.32:347][898]LogMaterial: Missing cached shader map for material FMatExpressionPreview MaterialExpressionTextureSample_1, compiling.
[2014.12.06-09.23.32:350][898]LogMaterial: Missing cached shader map for material FMatExpressionPreview MaterialExpressionConstant3Vector_1, compiling.
[2014.12.06-09.23.36:861][ 25]LogContentBrowser:Verbose: The content browser source was changed by the sources view to '/Game/textures'
[2014.12.06-09.23.37:615][ 45]LogContentBrowser:Verbose: The content browser source was changed by the sources view to '/Game/textures/HDR'
[2014.12.06-09.24.04:858][230]LogEditorViewport: Clicking on Actor (LMB): StaticMeshActor (table)
[2014.12.06-09.24.04:871][230]LogPropertyNode:Warning: UI Min (0.001) >= UI Max () for Ranged Numeric
[2014.12.06-09.24.21:227][174]LogEditorViewport: Clicking on Actor (LMB): StaticMeshActor (table)
[2014.12.06-09.24.21:240][174]LogPropertyNode:Warning: UI Min (0.001) >= UI Max () for Ranged Numeric
[2014.12.06-09.25.38:980][707]LogPlayLevel: PIE:  No blueprints needed recompiling
[2014.12.06-09.25.38:980][707]PIE: New page: PIE session: Test_1 (Dec 5, 2014, 9:25:38 PM)
[2014.12.06-09.25.38:988][707]LogPlayLevel: PIE: StaticDuplicateObject took: (0.007582s)
[2014.12.06-09.25.38:989][707]LogPlayLevel: PIE: World Init took: (0.001068s)
[2014.12.06-09.25.38:989][707]LogPlayLevel: PIE: Created PIE world by copying editor world from /Game/Levels/Test_1.Test_1 to /Game/Levels/UEDPIE_0_Test_1.Test_1 (0.008901s)
[2014.12.06-09.25.39:089][707]LogWorld: Game class is 'GameMode'
[2014.12.06-09.25.39:090][707]LogAIModule: Creating AISystem for world Test_1
[2014.12.06-09.25.39:094][707]LogWorld: Bringing World /Game/Levels/UEDPIE_0_Test_1.Test_1 up for play (max tick rate 0) at 2014.12.06-03.25.39
[2014.12.06-09.25.39:095][707]LogWorld: Bringing up level for play took: 0.004441
[2014.12.06-09.25.39:103][707]PIE: Info Play in editor start time for /Game/Levels/UEDPIE_0_Test_1 0.213
[2014.12.06-09.25.52:814][197]LogPropertyNode:Warning: UI Min (0.001) >= UI Max () for Ranged Numeric
[2014.12.06-09.25.52:887][197]LogParticles: Destroying 0 GPU particle simulations for FXSystem 0x0000000021A95620
[2014.12.06-09.25.52:888][197]LogParticles: Destroying 0 GPU particle simulations for FXSystem 0x0000000021A94720
[2014.12.06-09.25.54:285][274]LogContentBrowser:Verbose: The content browser source was changed by the sources view to '/Game/materials'
[2014.12.06-09.25.56:073][312]LogMaterial: Missing cached shader map for material PreviewMaterial_1, compiling.
[2014.12.06-09.25.56:093][312]LogActorComponent: UnregisterComponent: (/Engine/Transient.SkeletalMeshComponent_1) Not registered. Aborting.
[2014.12.06-09.25.56:189][312]LogActorComponent: UnregisterComponent: (/Engine/Transient.SkeletalMeshComponent_1) Not registered. Aborting.
[2014.12.06-09.25.56:189][312]LogActorComponent: RegisterComponentWithWorld: (/Engine/Transient.MaterialEditorMeshComponent_1) Already registered. Aborting.
[2014.12.06-09.25.56:189][312]LogActorComponent: UnregisterComponent: (/Engine/Transient.SkeletalMeshComponent_1) Not registered. Aborting.
[2014.12.06-09.25.56:189][312]LogActorComponent: RegisterComponentWithWorld: (/Engine/Transient.MaterialEditorMeshComponent_1) Already registered. Aborting.
[2014.12.06-09.25.56:191][312]LogMaterial: Missing cached shader map for material PreviewMaterial_1, compiling.
[2014.12.06-09.25.56:220][312]LogMaterial: Missing cached shader map for material FMatExpressionPreview MaterialExpressionConstant3Vector_0, compiling.
[2014.12.06-09.25.56:230][312]LogMaterial: Missing cached shader map for material FMatExpressionPreview MaterialExpressionTextureSample_0, compiling.
[2014.12.06-09.25.59:637][380]MaterialEditorStats: Info Base pass shader with only dynamic lighting: 9 instructions
[2014.12.06-09.25.59:637][380]MaterialEditorStats: Info Base pass shader for self shadowed translucency: 9 instructions
[2014.12.06-09.25.59:637][380]MaterialEditorStats: Info Vertex shader: 70 instructions
[2014.12.06-09.25.59:637][380]MaterialEditorStats: Info Texture samplers: 3/16
[2014.12.06-09.26.00:491][403]LogMaterial: Missing cached shader map for material PreviewMaterial_1, compiling.
[2014.12.06-09.26.00:499][403]LogMaterial: Missing cached shader map for material PreviewMaterial_1, compiling.
[2014.12.06-09.26.02:322][449]MaterialEditorStats: Info Base pass shader without light map: 8 instructions
[2014.12.06-09.26.02:322][449]MaterialEditorStats: Info Vertex shader: 70 instructions
[2014.12.06-09.26.02:322][449]MaterialEditorStats: Info Texture samplers: 3/16
[2014.12.06-09.26.07:303][627]LogMaterial: Missing cached shader map for material PreviewMaterial_1, compiling.
[2014.12.06-09.26.07:348][627]LogMaterial: Missing cached shader map for material FMatExpressionPreview MaterialExpressionConstant3Vector_0, compiling.
[2014.12.06-09.26.09:020][668]MaterialEditorStats: Info Base pass shader without light map: 8 instructions
[2014.12.06-09.26.09:020][668]MaterialEditorStats: Info Vertex shader: 70 instructions
[2014.12.06-09.26.09:020][668]MaterialEditorStats: Info Texture samplers: 3/16
[2014.12.06-09.26.11:234][740]LogMaterialEditor: Applying material dust_particle
[2014.12.06-09.26.12:944][740]LogMaterial: Missing cached shader map for material PreviewMaterial_1, compiling.
[2014.12.06-09.26.13:023][740]LogMaterial: Missing cached shader map for material dust_particle, compiling.
[2014.12.06-09.26.13:038][740]LogMaterial: Missing cached shader map for material dust_particle, compiling.
[2014.12.06-09.26.13:050][740]LogMaterial: 0.003908 seconds spent updating 1 materials, 1 interfaces, 0 instances, 0 with static permutations.
[2014.12.06-09.26.19:541][766]MaterialEditorStats: Info Base pass shader without light map: 24 instructions
[2014.12.06-09.26.19:541][766]MaterialEditorStats: Info Vertex shader: 70 instructions
[2014.12.06-09.26.19:541][766]MaterialEditorStats: Info Texture samplers: 7/16
[2014.12.06-09.27.06:926][ 10]LogLinker:Warning: Asset '../../../Engine/Content/Functions/Engine_MaterialFunctions02/Utility/CustomReflectionVector.uasset' has been saved with empty engine version. The asset will be loaded but may be incompatible.
[2014.12.06-09.27.12:361][ 77]LogMaterial: Missing cached shader map for material PreviewMaterial_1, compiling.
[2014.12.06-09.27.12:368][ 77]LogMaterial: Missing cached shader map for material PreviewMaterial_1, compiling.
[2014.12.06-09.27.15:001][124]LogMaterial: Missing cached shader map for material PreviewMaterial_1, compiling.
[2014.12.06-09.27.17:523][167]LogMaterial: Missing cached shader map for material PreviewMaterial_1, compiling.
[2014.12.06-09.27.18:957][191]MaterialEditorStats: Info Base pass shader without light map: 8 instructions
[2014.12.06-09.27.18:957][191]MaterialEditorStats: Info Vertex shader: 70 instructions
[2014.12.06-09.27.18:957][191]MaterialEditorStats: Info Texture samplers: 3/16
[2014.12.06-09.27.19:534][200]LogMaterialEditor: Applying material dust_particle
[2014.12.06-09.27.22:555][200]LogMaterial: Missing cached shader map for material PreviewMaterial_1, compiling.
[2014.12.06-09.27.22:733][200]LogMaterial: Missing cached shader map for material dust_particle, compiling.
[2014.12.06-09.27.22:786][200]LogMaterial: Missing cached shader map for material dust_particle, compiling.
[2014.12.06-09.27.22:858][200]LogMaterial: 0.044584 seconds spent updating 1 materials, 1 interfaces, 0 instances, 0 with static permutations.
[2014.12.06-09.27.30:384][221]MaterialEditorStats: Info Base pass shader without light map: 24 instructions
[2014.12.06-09.27.30:384][221]MaterialEditorStats: Info Vertex shader: 70 instructions
[2014.12.06-09.27.30:384][221]MaterialEditorStats: Info Texture samplers: 7/16
[2014.12.06-09.27.48:791][388]LogPlayLevel: PIE:  No blueprints needed recompiling
[2014.12.06-09.27.48:792][388]PIE: New page: PIE session: Test_1 (Dec 5, 2014, 9:27:48 PM)
[2014.12.06-09.27.48:803][388]LogPlayLevel: PIE: StaticDuplicateObject took: (0.011144s)
[2014.12.06-09.27.48:804][388]LogPlayLevel: PIE: World Init took: (0.001007s)
[2014.12.06-09.27.48:805][388]LogPlayLevel: PIE: Created PIE world by copying editor world from /Game/Levels/Test_1.Test_1 to /Game/Levels/UEDPIE_0_Test_1.Test_1 (0.012492s)
[2014.12.06-09.27.48:928][388]LogWorld: Game class is 'GameMode'
[2014.12.06-09.27.48:930][388]LogAIModule: Creating AISystem for world Test_1
[2014.12.06-09.27.48:935][388]LogWorld: Bringing World /Game/Levels/UEDPIE_0_Test_1.Test_1 up for play (max tick rate 0) at 2014.12.06-03.27.48
[2014.12.06-09.27.48:936][388]LogWorld: Bringing up level for play took: 0.005804
[2014.12.06-09.27.48:956][388]PIE: Info Play in editor start time for /Game/Levels/UEDPIE_0_Test_1 0.067
[2014.12.06-09.27.57:093][561]LogPropertyNode:Warning: UI Min (0.001) >= UI Max () for Ranged Numeric
[2014.12.06-09.27.57:223][561]LogParticles: Destroying 0 GPU particle simulations for FXSystem 0x00000000247E1B20
[2014.12.06-09.28.00:144][606]LogConsoleManager:Warning: Console variable 'r.MSAA.CompositingSampleCount' wasn't set (Priority ProjectSetting < Scalability)
[2014.12.06-09.28.00:144][606]LogConsoleManager:Warning: Console variable 'r.Streaming.PoolSize' wasn't set (Priority Code < Scalability)
[2014.12.06-09.28.00:144][606]LogConsoleManager:Warning: Console variable 'r.MaterialQualityLevel' wasn't set (Priority Console < Scalability)
[2014.12.06-09.28.00:235][607]LogRenderer:Warning: Reallocating scene render targets to support 1936x1040.
[2014.12.06-09.28.00:659][614]LogConsoleManager:Warning: Console variable 'r.MSAA.CompositingSampleCount' wasn't set (Priority ProjectSetting < Scalability)
[2014.12.06-09.28.00:659][614]LogConsoleManager:Warning: Console variable 'r.Streaming.PoolSize' wasn't set (Priority Code < Scalability)
[2014.12.06-09.28.00:659][614]LogConsoleManager:Warning: Console variable 'r.MaterialQualityLevel' wasn't set (Priority Console < Scalability)
[2014.12.06-09.28.00:720][615]LogRenderer:Warning: Reallocating scene render targets to support 1936x1040.
[2014.12.06-09.28.02:200][642]LogConsoleManager:Warning: Console variable 'r.MSAA.CompositingSampleCount' wasn't set (Priority ProjectSetting < Scalability)
[2014.12.06-09.28.02:200][642]LogConsoleManager:Warning: Console variable 'r.Streaming.PoolSize' wasn't set (Priority Code < Scalability)
[2014.12.06-09.28.02:200][642]LogConsoleManager:Warning: Console variable 'r.MaterialQualityLevel' wasn't set (Priority Console < Scalability)
[2014.12.06-09.28.02:289][643]LogRenderer:Warning: Reallocating scene render targets to support 1936x1040.
[2014.12.06-09.28.05:860][705]LogPlayLevel: PIE:  No blueprints needed recompiling
[2014.12.06-09.28.05:860][705]PIE: New page: PIE session: Test_1 (Dec 5, 2014, 9:28:05 PM)
[2014.12.06-09.28.05:869][705]LogPlayLevel: PIE: StaticDuplicateObject took: (0.008671s)
[2014.12.06-09.28.05:871][705]LogPlayLevel: PIE: World Init took: (0.001994s)
[2014.12.06-09.28.05:871][705]LogPlayLevel: PIE: Created PIE world by copying editor world from /Game/Levels/Test_1.Test_1 to /Game/Levels/UEDPIE_0_Test_1.Test_1 (0.011096s)
[2014.12.06-09.28.05:995][705]LogWorld: Game class is 'GameMode'
[2014.12.06-09.28.05:997][705]LogAIModule: Creating AISystem for world Test_1
[2014.12.06-09.28.06:002][705]LogWorld: Bringing World /Game/Levels/UEDPIE_0_Test_1.Test_1 up for play (max tick rate 0) at 2014.12.06-03.28.06
[2014.12.06-09.28.06:003][705]LogWorld: Bringing up level for play took: 0.005766
[2014.12.06-09.28.06:024][705]PIE: Info Play in editor start time for /Game/Levels/UEDPIE_0_Test_1 1.135
[2014.12.06-09.28.15:430][910]LogPropertyNode:Warning: UI Min (0.001) >= UI Max () for Ranged Numeric
[2014.12.06-09.28.15:547][910]LogParticles: Destroying 0 GPU particle simulations for FXSystem 0x000000001E80FF60
[2014.12.06-09.28.17:861][947]LogConsoleManager:Warning: Console variable 'r.MSAA.CompositingSampleCount' wasn't set (Priority ProjectSetting < Scalability)
[2014.12.06-09.28.17:862][947]LogConsoleManager:Warning: Console variable 'r.Streaming.PoolSize' wasn't set (Priority Code < Scalability)
[2014.12.06-09.28.17:862][947]LogConsoleManager:Warning: Console variable 'r.MaterialQualityLevel' wasn't set (Priority Console < Scalability)
[2014.12.06-09.28.17:922][948]LogRenderer:Warning: Reallocating scene render targets to support 1936x1040.
[2014.12.06-09.28.18:904][965]LogPlayLevel: PIE:  No blueprints needed recompiling
[2014.12.06-09.28.18:905][965]PIE: New page: PIE session: Test_1 (Dec 5, 2014, 9:28:18 PM)
[2014.12.06-09.28.18:920][965]LogPlayLevel: PIE: StaticDuplicateObject took: (0.014388s)
[2014.12.06-09.28.18:926][965]LogPlayLevel: PIE: World Init took: (0.006142s)
[2014.12.06-09.28.18:929][965]LogPlayLevel: PIE: Created PIE world by copying editor world from /Game/Levels/Test_1.Test_1 to /Game/Levels/UEDPIE_0_Test_1.Test_1 (0.021186s)
[2014.12.06-09.28.19:066][965]LogWorld: Game class is 'GameMode'
[2014.12.06-09.28.19:067][965]LogAIModule: Creating AISystem for world Test_1
[2014.12.06-09.28.19:071][965]LogWorld: Bringing World /Game/Levels/UEDPIE_0_Test_1.Test_1 up for play (max tick rate 0) at 2014.12.06-03.28.19
[2014.12.06-09.28.19:072][965]LogWorld: Bringing up level for play took: 0.004621
[2014.12.06-09.28.19:093][965]PIE: Info Play in editor start time for /Game/Levels/UEDPIE_0_Test_1 0.203
[2014.12.06-09.28.22:988][ 52]LogPropertyNode:Warning: UI Min (0.001) >= UI Max () for Ranged Numeric
[2014.12.06-09.28.23:206][ 53]LogParticles: Destroying 0 GPU particle simulations for FXSystem 0x00000000142D98A0
[2014.12.06-09.28.29:254][145]Cmd: STAT Engine
[2014.12.06-09.28.29:998][156]LogPlayLevel: PIE:  No blueprints needed recompiling
[2014.12.06-09.28.29:998][156]PIE: New page: PIE session: Test_1 (Dec 5, 2014, 9:28:29 PM)
[2014.12.06-09.28.30:018][156]LogPlayLevel: PIE: StaticDuplicateObject took: (0.019897s)
[2014.12.06-09.28.30:020][156]LogPlayLevel: PIE: World Init took: (0.001745s)
[2014.12.06-09.28.30:020][156]LogPlayLevel: PIE: Created PIE world by copying editor world from /Game/Levels/Test_1.Test_1 to /Game/Levels/UEDPIE_0_Test_1.Test_1 (0.021923s)
[2014.12.06-09.28.30:148][156]LogWorld: Game class is 'GameMode'
[2014.12.06-09.28.30:150][156]LogAIModule: Creating AISystem for world Test_1
[2014.12.06-09.28.30:156][156]LogWorld: Bringing World /Game/Levels/UEDPIE_0_Test_1.Test_1 up for play (max tick rate 0) at 2014.12.06-03.28.30
[2014.12.06-09.28.30:157][156]LogWorld: Bringing up level for play took: 0.006494
[2014.12.06-09.28.30:194][156]PIE: Info Play in editor start time for /Game/Levels/UEDPIE_0_Test_1 -0.696
[2014.12.06-09.28.32:051][188]LogPropertyNode:Warning: UI Min (0.001) >= UI Max () for Ranged Numeric
[2014.12.06-09.28.32:252][189]LogParticles: Destroying 0 GPU particle simulations for FXSystem 0x000000001E250CC0
[2014.12.06-09.28.52:141][527]LogConsoleManager:Warning: Console variable 'r.MSAA.CompositingSampleCount' wasn't set (Priority ProjectSetting < Scalability)
[2014.12.06-09.28.52:141][527]LogConsoleManager:Warning: Console variable 'r.Streaming.PoolSize' wasn't set (Priority Code < Scalability)
[2014.12.06-09.28.52:141][527]LogConsoleManager:Warning: Console variable 'r.MaterialQualityLevel' wasn't set (Priority Console < Scalability)
[2014.12.06-09.28.52:207][528]LogRenderer:Warning: Reallocating scene render targets to support 1936x1040.
[2014.12.06-09.28.54:888][570]LogEditorViewport: Clicking on Actor (LMB): StaticMeshActor (SM_SkySphere2)
[2014.12.06-09.28.54:911][570]LogPropertyNode:Warning: UI Min (0.001) >= UI Max () for Ranged Numeric
[2014.12.06-09.28.57:736][619]LogPlayLevel: PIE:  No blueprints needed recompiling
[2014.12.06-09.28.57:736][619]PIE: New page: PIE session: Test_1 (Dec 5, 2014, 9:28:57 PM)
[2014.12.06-09.28.57:753][619]LogPlayLevel: PIE: StaticDuplicateObject took: (0.016787s)
[2014.12.06-09.28.57:754][619]LogPlayLevel: PIE: World Init took: (0.001147s)
[2014.12.06-09.28.57:755][619]LogPlayLevel: PIE: Created PIE world by copying editor world from /Game/Levels/Test_1.Test_1 to /Game/Levels/UEDPIE_0_Test_1.Test_1 (0.018190s)
[2014.12.06-09.28.57:881][619]LogWorld: Game class is 'GameMode'
[2014.12.06-09.28.57:883][619]LogAIModule: Creating AISystem for world Test_1
[2014.12.06-09.28.57:889][619]LogWorld: Bringing World /Game/Levels/UEDPIE_0_Test_1.Test_1 up for play (max tick rate 0) at 2014.12.06-03.28.57
[2014.12.06-09.28.57:891][619]LogWorld: Bringing up level for play took: 0.006901
[2014.12.06-09.28.57:913][619]PIE: Info Play in editor start time for /Game/Levels/UEDPIE_0_Test_1 1.023
[2014.12.06-09.29.12:701][913]LogPropertyNode:Warning: UI Min (0.001) >= UI Max () for Ranged Numeric
[2014.12.06-09.29.12:832][913]LogParticles: Destroying 0 GPU particle simulations for FXSystem 0x000000000FCE6AC0
[2014.12.06-09.29.15:624][959]LogMaterial: Missing cached shader map for material PreviewMaterial_1, compiling.
[2014.12.06-09.29.17:312][982]LogMaterialEditor: Applying material dust_particle
[2014.12.06-09.29.20:698][982]LogMaterial: Missing cached shader map for material PreviewMaterial_1, compiling.
[2014.12.06-09.29.20:803][982]LogMaterial: Missing cached shader map for material dust_particle, compiling.
[2014.12.06-09.29.20:853][982]LogMaterial: Missing cached shader map for material dust_particle, compiling.
[2014.12.06-09.29.20:869][982]LogMaterial: 0.005318 seconds spent updating 1 materials, 1 interfaces, 0 instances, 0 with static permutations.
[2014.12.06-09.29.30:080][ 29]MaterialEditorStats: Info Base pass shader without light map: 24 instructions
[2014.12.06-09.29.30:080][ 29]MaterialEditorStats: Info Vertex shader: 70 instructions
[2014.12.06-09.29.30:080][ 29]MaterialEditorStats: Info Texture samplers: 7/16
[2014.12.06-09.29.35:759][ 61]LogPlayLevel: PIE:  No blueprints needed recompiling
[2014.12.06-09.29.35:759][ 61]PIE: New page: PIE session: Test_1 (Dec 5, 2014, 9:29:35 PM)
[2014.12.06-09.29.35:779][ 61]LogPlayLevel: PIE: StaticDuplicateObject took: (0.018846s)
[2014.12.06-09.29.35:780][ 61]LogPlayLevel: PIE: World Init took: (0.001009s)
[2014.12.06-09.29.35:780][ 61]LogPlayLevel: PIE: Created PIE world by copying editor world from /Game/Levels/Test_1.Test_1 to /Game/Levels/UEDPIE_0_Test_1.Test_1 (0.020105s)
[2014.12.06-09.29.35:906][ 61]LogWorld: Game class is 'GameMode'
[2014.12.06-09.29.35:908][ 61]LogAIModule: Creating AISystem for world Test_1
[2014.12.06-09.29.35:914][ 61]LogWorld: Bringing World /Game/Levels/UEDPIE_0_Test_1.Test_1 up for play (max tick rate 0) at 2014.12.06-03.29.35
[2014.12.06-09.29.35:915][ 61]LogWorld: Bringing up level for play took: 0.006103
[2014.12.06-09.29.35:945][ 61]PIE: Info Play in editor start time for /Game/Levels/UEDPIE_0_Test_1 1.053
[2014.12.06-09.29.39:648][140]LogPropertyNode:Warning: UI Min (0.001) >= UI Max () for Ranged Numeric
[2014.12.06-09.29.39:767][140]LogParticles: Destroying 0 GPU particle simulations for FXSystem 0x0000000025C18180
[2014.12.06-09.32.21:418][630]Cmd: OBJ SAVEPACKAGE PACKAGE="/Game/Levels/Test_1" FILE="../../../../../../Projects/Unreal/Clockwork/Clockwork/Saved/Autosaves/Game/Levels/Test_1_Auto1.umap" SILENT=true AUTOSAVING=true KEEPDIRTY=false
[2014.12.06-09.32.21:562][630]LogSavePackage: Save=107.935364ms
[2014.12.06-09.32.21:562][630]LogSavePackage: Moving '../../../../../../Projects/Unreal/Clockwork/Clockwork/Saved/Test_1_Auto1A6830A7B4857196ADF162D853FD7A6A6.tmp' to '../../../../../../Projects/Unreal/Clockwork/Clockwork/Saved/Autosaves/Game/Levels/Test_1_Auto1.umap'
[2014.12.06-09.32.21:585][630]LogFileHelpers: Editor autosave (incl. sublevels) for '/Game/Levels/Test_1' took 0.339
[2014.12.06-09.32.21:585][630]LogFileHelpers: Editor autosave (incl. sublevels) for all levels took 0.339
[2014.12.06-09.32.21:684][630]OBJ SavePackage: Generating thumbnails for [0] asset(s) in package [/Game/blueprints/Camera_System] ([1] browsable assets)...
[2014.12.06-09.32.21:684][630]OBJ SavePackage: Finished generating thumbnails for package [/Game/blueprints/Camera_System]
[2014.12.06-09.32.21:879][630]LogSavePackage: Save=139.378601ms
[2014.12.06-09.32.21:880][630]LogSavePackage: Moving '../../../../../../Projects/Unreal/Clockwork/Clockwork/Saved/Camera_System_Auto1463E89874105A60567CCEB9A5937C1B1.tmp' to '../../../../../../Projects/Unreal/Clockwork/Clockwork/Saved/Autosaves/Game/blueprints/Camera_System_Auto1.uasset'
[2014.12.06-09.32.21:978][630]OBJ SavePackage: Generating thumbnails for [1] asset(s) in package [/Game/materials/dust_particle] ([1] browsable assets)...
[2014.12.06-09.32.22:015][630]OBJ SavePackage:     Rendered thumbnail for [Material /Game/materials/dust_particle.dust_particle]
[2014.12.06-09.32.22:015][630]OBJ SavePackage: Finished generating thumbnails for package [/Game/materials/dust_particle]
[2014.12.06-09.32.22:868][630]LogSavePackage: Save=800.234985ms
[2014.12.06-09.32.22:868][630]LogSavePackage: Moving '../../../../../../Projects/Unreal/Clockwork/Clockwork/Saved/dust_particle_Auto117FC095243518BACE533F7A3BDF4434C.tmp' to '../../../../../../Projects/Unreal/Clockwork/Clockwork/Saved/Autosaves/Game/materials/dust_particle_Auto1.uasset'
[2014.12.06-09.32.22:900][630]LogFileHelpers: Auto-saving content packages took 1.314
[2014.12.06-09.34.52:429][575]LogMaterial: Missing cached shader map for material PreviewMaterial_1, compiling.
[2014.12.06-09.34.54:372][620]LogMaterialEditor: Applying material dust_particle
[2014.12.06-09.34.56:344][620]LogMaterial: Missing cached shader map for material PreviewMaterial_1, compiling.
[2014.12.06-09.34.56:484][620]LogMaterial: Missing cached shader map for material dust_particle, compiling.
[2014.12.06-09.34.56:495][620]LogMaterial: Missing cached shader map for material dust_particle, compiling.
[2014.12.06-09.34.56:506][620]LogMaterial: 0.003754 seconds spent updating 1 materials, 1 interfaces, 0 instances, 0 with static permutations.
[2014.12.06-09.34.59:324][680]LogPlayLevel: PIE:  No blueprints needed recompiling
[2014.12.06-09.34.59:324][680]PIE: New page: PIE session: Test_1 (Dec 5, 2014, 9:34:59 PM)
[2014.12.06-09.34.59:342][680]LogPlayLevel: PIE: StaticDuplicateObject took: (0.017756s)
[2014.12.06-09.34.59:343][680]LogPlayLevel: PIE: World Init took: (0.001046s)
[2014.12.06-09.34.59:343][680]LogPlayLevel: PIE: Created PIE world by copying editor world from /Game/Levels/Test_1.Test_1 to /Game/Levels/UEDPIE_0_Test_1.Test_1 (0.019033s)
[2014.12.06-09.34.59:475][680]LogWorld: Game class is 'GameMode'
[2014.12.06-09.34.59:477][680]LogAIModule: Creating AISystem for world Test_1
[2014.12.06-09.34.59:482][680]LogWorld: Bringing World /Game/Levels/UEDPIE_0_Test_1.Test_1 up for play (max tick rate 0) at 2014.12.06-03.34.59
[2014.12.06-09.34.59:483][680]LogWorld: Bringing up level for play took: 0.005644
[2014.12.06-09.34.59:500][680]PIE: Info Play in editor start time for /Game/Levels/UEDPIE_0_Test_1 0.603
[2014.12.06-09.35.04:995][854]LogPropertyNode:Warning: UI Min (0.001) >= UI Max () for Ranged Numeric
[2014.12.06-09.35.05:074][854]LogParticles: Destroying 0 GPU particle simulations for FXSystem 0x0000000004DA51C0
[2014.12.06-09.35.05:120][855]LogParticles: Destroying 0 GPU particle simulations for FXSystem 0x000000001876DA80
[2014.12.06-09.35.08:661][  6]LogPlayLevel: PIE:  No blueprints needed recompiling
[2014.12.06-09.35.08:661][  6]PIE: New page: PIE session: Test_1 (Dec 5, 2014, 9:35:08 PM)
[2014.12.06-09.35.08:676][  6]LogPlayLevel: PIE: StaticDuplicateObject took: (0.014683s)
[2014.12.06-09.35.08:677][  6]LogPlayLevel: PIE: World Init took: (0.000894s)
[2014.12.06-09.35.08:677][  6]LogPlayLevel: PIE: Created PIE world by copying editor world from /Game/Levels/Test_1.Test_1 to /Game/Levels/UEDPIE_0_Test_1.Test_1 (0.015803s)
[2014.12.06-09.35.08:774][  6]LogWorld: Game class is 'GameMode'
[2014.12.06-09.35.08:776][  6]LogAIModule: Creating AISystem for world Test_1
[2014.12.06-09.35.08:783][  6]LogWorld: Bringing World /Game/Levels/UEDPIE_0_Test_1.Test_1 up for play (max tick rate 0) at 2014.12.06-03.35.08
[2014.12.06-09.35.08:784][  6]LogWorld: Bringing up level for play took: 0.006869
[2014.12.06-09.35.08:795][  6]PIE: Info Play in editor start time for /Game/Levels/UEDPIE_0_Test_1 -0.103
[2014.12.06-09.35.11:069][ 79]LogPropertyNode:Warning: UI Min (0.001) >= UI Max () for Ranged Numeric
[2014.12.06-09.35.11:199][ 80]LogParticles: Destroying 0 GPU particle simulations for FXSystem 0x0000000004DA71A0
[2014.12.06-09.35.14:058][186]Cmd: STAT Engine
[2014.12.06-09.35.14:058][186]Cmd: STAT Engine
[2014.12.06-09.35.14:775][213]LogPlayLevel: PIE:  No blueprints needed recompiling
[2014.12.06-09.35.14:775][213]PIE: New page: PIE session: Test_1 (Dec 5, 2014, 9:35:14 PM)
[2014.12.06-09.35.14:783][213]LogPlayLevel: PIE: StaticDuplicateObject took: (0.007364s)
[2014.12.06-09.35.14:784][213]LogPlayLevel: PIE: World Init took: (0.000805s)
[2014.12.06-09.35.14:784][213]LogPlayLevel: PIE: Created PIE world by copying editor world from /Game/Levels/Test_1.Test_1 to /Game/Levels/UEDPIE_0_Test_1.Test_1 (0.008480s)
[2014.12.06-09.35.14:884][213]LogWorld: Game class is 'GameMode'
[2014.12.06-09.35.14:886][213]LogAIModule: Creating AISystem for world Test_1
[2014.12.06-09.35.14:889][213]LogWorld: Bringing World /Game/Levels/UEDPIE_0_Test_1.Test_1 up for play (max tick rate 0) at 2014.12.06-03.35.14
[2014.12.06-09.35.14:890][213]LogWorld: Bringing up level for play took: 0.003898
[2014.12.06-09.35.14:898][213]PIE: Info Play in editor start time for /Game/Levels/UEDPIE_0_Test_1 0.001
[2014.12.06-09.35.43:098][227]LogPropertyNode:Warning: UI Min (0.001) >= UI Max () for Ranged Numeric
[2014.12.06-09.35.43:223][228]LogParticles: Destroying 0 GPU particle simulations for FXSystem 0x00000000144013A0
[2014.12.06-09.36.23:515][418]LogContentBrowser:Verbose: The content browser source was changed by the sources view to '/Game/models'
[2014.12.06-09.36.26:100][502]LogEditorFactories: Performing atomic reimport of [H:/Projects/Unreal/Clockwork/Content/Models/cell_plain.fbx]
[2014.12.06-09.36.26:116][502]LogFbx: Loading FBX Scene from H:/Projects/Unreal/Clockwork/Content/Models/cell_plain.fbx
[2014.12.06-09.36.26:127][502]LogFbx: FBX Scene Loaded Succesfully
[2014.12.06-09.36.26:147][502]LogFbx:Warning: Triangulating static mesh Plane
[2014.12.06-09.36.26:187][502]LogFbx: == Initial material list:
[2014.12.06-09.36.26:187][502]LogFbx: 0: Material.001
[2014.12.06-09.36.26:187][502]LogFbx: 1: Material.002
[2014.12.06-09.36.26:187][502]LogFbx: == After sorting:
[2014.12.06-09.36.26:187][502]LogFbx: 0: Material.001
[2014.12.06-09.36.26:187][502]LogFbx: 1: Material.002
[2014.12.06-09.36.26:187][502]LogFbx: == Mapping table:
[2014.12.06-09.36.26:187][502]LogFbx:   sort 0 -> 0
[2014.12.06-09.36.26:187][502]LogFbx:   sort 1 -> 1
[2014.12.06-09.36.26:246][502]LogStaticMesh: Building static mesh cell_plain...
[2014.12.06-09.36.26:248][502]LogStaticMesh: Built static mesh [2.975762ms] /Game/models/cell_plain.cell_plain
[2014.12.06-09.36.26:259][502]LogEditorFactories: -- imported successfully
[2014.12.06-09.36.58:694][177]LogPlayLevel: PIE:  No blueprints needed recompiling
[2014.12.06-09.36.58:694][177]PIE: New page: PIE session: Test_1 (Dec 5, 2014, 9:36:58 PM)
[2014.12.06-09.36.58:702][177]LogPlayLevel: PIE: StaticDuplicateObject took: (0.007766s)
[2014.12.06-09.36.58:704][177]LogPlayLevel: PIE: World Init took: (0.001144s)
[2014.12.06-09.36.58:704][177]LogPlayLevel: PIE: Created PIE world by copying editor world from /Game/Levels/Test_1.Test_1 to /Game/Levels/UEDPIE_0_Test_1.Test_1 (0.009131s)
[2014.12.06-09.36.58:798][177]LogWorld: Game class is 'GameMode'
[2014.12.06-09.36.58:799][177]LogAIModule: Creating AISystem for world Test_1
[2014.12.06-09.36.58:803][177]LogWorld: Bringing World /Game/Levels/UEDPIE_0_Test_1.Test_1 up for play (max tick rate 0) at 2014.12.06-03.36.58
[2014.12.06-09.36.58:804][177]LogWorld: Bringing up level for play took: 0.003846
[2014.12.06-09.36.58:812][177]PIE: Info Play in editor start time for /Game/Levels/UEDPIE_0_Test_1 -0.086
[2014.12.06-09.37.05:831][411]LogPropertyNode:Warning: UI Min (0.001) >= UI Max () for Ranged Numeric
[2014.12.06-09.37.05:955][412]LogParticles: Destroying 0 GPU particle simulations for FXSystem 0x000000000629B380
[2014.12.06-09.37.09:114][564]LogEditorViewport: Clicking on Actor (LMB): SpotLight (SpotLight)
[2014.12.06-09.37.28:878][571]LogPlayLevel: PIE:  No blueprints needed recompiling
[2014.12.06-09.37.28:878][571]PIE: New page: PIE session: Test_1 (Dec 5, 2014, 9:37:28 PM)
[2014.12.06-09.37.28:886][571]LogPlayLevel: PIE: StaticDuplicateObject took: (0.007142s)
[2014.12.06-09.37.28:886][571]LogPlayLevel: PIE: World Init took: (0.000892s)
[2014.12.06-09.37.28:887][571]LogPlayLevel: PIE: Created PIE world by copying editor world from /Game/Levels/Test_1.Test_1 to /Game/Levels/UEDPIE_0_Test_1.Test_1 (0.008235s)
[2014.12.06-09.37.28:980][571]LogWorld: Game class is 'GameMode'
[2014.12.06-09.37.28:982][571]LogAIModule: Creating AISystem for world Test_1
[2014.12.06-09.37.28:985][571]LogWorld: Bringing World /Game/Levels/UEDPIE_0_Test_1.Test_1 up for play (max tick rate 0) at 2014.12.06-03.37.28
[2014.12.06-09.37.28:986][571]LogWorld: Bringing up level for play took: 0.003897
[2014.12.06-09.37.28:995][571]PIE: Info Play in editor start time for /Game/Levels/UEDPIE_0_Test_1 0.096
[2014.12.06-09.37.34:023][735]LogParticles: Destroying 0 GPU particle simulations for FXSystem 0x00000000282CECA0
[2014.12.06-09.37.39:907][ 26]LogPlayLevel: PIE:  No blueprints needed recompiling
[2014.12.06-09.37.39:907][ 26]PIE: New page: PIE session: Test_1 (Dec 5, 2014, 9:37:39 PM)
[2014.12.06-09.37.39:915][ 26]LogPlayLevel: PIE: StaticDuplicateObject took: (0.007290s)
[2014.12.06-09.37.39:916][ 26]LogPlayLevel: PIE: World Init took: (0.000998s)
[2014.12.06-09.37.39:916][ 26]LogPlayLevel: PIE: Created PIE world by copying editor world from /Game/Levels/Test_1.Test_1 to /Game/Levels/UEDPIE_0_Test_1.Test_1 (0.008514s)
[2014.12.06-09.37.40:012][ 26]LogWorld: Game class is 'GameMode'
[2014.12.06-09.37.40:013][ 26]LogAIModule: Creating AISystem for world Test_1
[2014.12.06-09.37.40:017][ 26]LogWorld: Bringing World /Game/Levels/UEDPIE_0_Test_1.Test_1 up for play (max tick rate 0) at 2014.12.06-03.37.40
[2014.12.06-09.37.40:018][ 26]LogWorld: Bringing up level for play took: 0.004057
[2014.12.06-09.37.40:027][ 26]PIE: Info Play in editor start time for /Game/Levels/UEDPIE_0_Test_1 -0.872
[2014.12.06-09.37.50:837][379]LogParticles: Destroying 0 GPU particle simulations for FXSystem 0x0000000014F27880
[2014.12.06-09.37.55:742][603]LogPlayLevel: PIE:  No blueprints needed recompiling
[2014.12.06-09.37.55:742][603]PIE: New page: PIE session: Test_1 (Dec 5, 2014, 9:37:55 PM)
[2014.12.06-09.37.55:750][603]LogPlayLevel: PIE: StaticDuplicateObject took: (0.007344s)
[2014.12.06-09.37.55:751][603]LogPlayLevel: PIE: World Init took: (0.000824s)
[2014.12.06-09.37.55:751][603]LogPlayLevel: PIE: Created PIE world by copying editor world from /Game/Levels/Test_1.Test_1 to /Game/Levels/UEDPIE_0_Test_1.Test_1 (0.008482s)
[2014.12.06-09.37.55:848][603]LogWorld: Game class is 'GameMode'
[2014.12.06-09.37.55:850][603]LogAIModule: Creating AISystem for world Test_1
[2014.12.06-09.37.55:853][603]LogWorld: Bringing World /Game/Levels/UEDPIE_0_Test_1.Test_1 up for play (max tick rate 0) at 2014.12.06-03.37.55
[2014.12.06-09.37.55:854][603]LogWorld: Bringing up level for play took: 0.003704
[2014.12.06-09.37.55:862][603]PIE: Info Play in editor start time for /Game/Levels/UEDPIE_0_Test_1 0.963
[2014.12.06-09.38.01:323][781]LogParticles: Destroying 0 GPU particle simulations for FXSystem 0x0000000014F245E0
[2014.12.06-09.38.05:962][ 11]LogPlayLevel: PIE:  No blueprints needed recompiling
[2014.12.06-09.38.05:962][ 11]PIE: New page: PIE session: Test_1 (Dec 5, 2014, 9:38:05 PM)
[2014.12.06-09.38.05:970][ 11]LogPlayLevel: PIE: StaticDuplicateObject took: (0.007389s)
[2014.12.06-09.38.05:971][ 11]LogPlayLevel: PIE: World Init took: (0.001008s)
[2014.12.06-09.38.05:971][ 11]LogPlayLevel: PIE: Created PIE world by copying editor world from /Game/Levels/Test_1.Test_1 to /Game/Levels/UEDPIE_0_Test_1.Test_1 (0.008602s)
[2014.12.06-09.38.06:062][ 11]LogWorld: Game class is 'GameMode'
[2014.12.06-09.38.06:064][ 11]LogAIModule: Creating AISystem for world Test_1
[2014.12.06-09.38.06:067][ 11]LogWorld: Bringing World /Game/Levels/UEDPIE_0_Test_1.Test_1 up for play (max tick rate 0) at 2014.12.06-03.38.06
[2014.12.06-09.38.06:068][ 11]LogWorld: Bringing up level for play took: 0.004085
[2014.12.06-09.38.06:076][ 11]PIE: Info Play in editor start time for /Game/Levels/UEDPIE_0_Test_1 -0.823
[2014.12.06-09.38.32:286][912]LogParticles: Destroying 0 GPU particle simulations for FXSystem 0x0000000027E3F560
[2014.12.06-09.38.35:734][ 73]Cmd: OBJ SAVEPACKAGE PACKAGE="/Game/Levels/Test_1" FILE="../../../../../../Projects/Unreal/Clockwork/Clockwork/Content/Levels/Test_1.umap" SILENT=true AUTOSAVING=false KEEPDIRTY=false
[2014.12.06-09.38.35:874][ 73]LogSavePackage: Save=62.170376ms
[2014.12.06-09.38.35:874][ 73]LogSavePackage: Moving '../../../../../../Projects/Unreal/Clockwork/Clockwork/Saved/Test_1C536FD744554D6B434B2FC8623E0ECF6.tmp' to '../../../../../../Projects/Unreal/Clockwork/Clockwork/Content/Levels/Test_1.umap'
[2014.12.06-09.38.35:915][ 73]LogFileHelpers: Saving map 'Test_1' took 0.514
[2014.12.06-09.38.35:918][ 73]Cmd: OBJ SAVEPACKAGE PACKAGE="/Game/blueprints/Camera_System" FILE="../../../../../../Projects/Unreal/Clockwork/Clockwork/Content/blueprints/Camera_System.uasset" SILENT=true
[2014.12.06-09.38.35:978][ 73]LogSavePackage: Save=37.054005ms
[2014.12.06-09.38.35:978][ 73]LogSavePackage: Moving '../../../../../../Projects/Unreal/Clockwork/Clockwork/Saved/Camera_System26F475F1446BE3E983EB05868979591E.tmp' to '../../../../../../Projects/Unreal/Clockwork/Clockwork/Content/blueprints/Camera_System.uasset'
[2014.12.06-09.38.36:010][ 73]Cmd: OBJ SAVEPACKAGE PACKAGE="/Game/models/cell_plain" FILE="../../../../../../Projects/Unreal/Clockwork/Clockwork/Content/models/cell_plain.uasset" SILENT=true
[2014.12.06-09.38.36:452][ 73]LogSavePackage: Save=418.536652ms
[2014.12.06-09.38.36:452][ 73]LogSavePackage: Moving '../../../../../../Projects/Unreal/Clockwork/Clockwork/Saved/cell_plainAD670C5B4871068D586D96AC6A23A0DB.tmp' to '../../../../../../Projects/Unreal/Clockwork/Clockwork/Content/models/cell_plain.uasset'
[2014.12.06-09.38.36:483][ 73]Cmd: OBJ SAVEPACKAGE PACKAGE="/Game/materials/dust_particle" FILE="../../../../../../Projects/Unreal/Clockwork/Clockwork/Content/materials/dust_particle.uasset" SILENT=true
[2014.12.06-09.38.36:963][ 73]LogSavePackage: Save=456.369385ms
[2014.12.06-09.38.36:963][ 73]LogSavePackage: Moving '../../../../../../Projects/Unreal/Clockwork/Clockwork/Saved/dust_particle07D13F5C41F2A28CD1F118BD297335C7.tmp' to '../../../../../../Projects/Unreal/Clockwork/Clockwork/Content/materials/dust_particle.uasset'
[2014.12.06-09.38.38:930][142]Cmd: QUIT_EDITOR
[2014.12.06-09.38.39:466][142]LogExit: Preparing to exit.
[2014.12.06-09.38.39:801][142]LogExit: Editor shut down
[2014.12.06-09.38.39:801][142]LogExit: Transaction tracking system shut down
[2014.12.06-09.38.39:807][142]LogParticles: Destroying 0 GPU particle simulations for FXSystem 0x000000001ACDFD80
[2014.12.06-09.38.39:808][142]LogParticles: Destroying 0 GPU particle simulations for FXSystem 0x000000002021C900
[2014.12.06-09.38.39:808][142]LogParticles: Destroying 0 GPU particle simulations for FXSystem 0x000000000DAAE200
[2014.12.06-09.38.39:808][142]LogParticles: Destroying 0 GPU particle simulations for FXSystem 0x000000000DBA13A0
[2014.12.06-09.38.39:889][142]LogParticles: Destroying 0 GPU particle simulations for FXSystem 0x000000000E970220
[2014.12.06-09.38.39:889][142]LogExit: Object subsystem successfully closed.
[2014.12.06-09.38.39:951][142]LogModuleManager: Shutting down and abandoning module TextureEditor (174)
[2014.12.06-09.38.39:951][142]LogModuleManager: Shutting down and abandoning module MaterialEditor (173)
[2014.12.06-09.38.39:951][142]LogModuleManager: Shutting down and abandoning module AndroidDeviceDetection (172)
[2014.12.06-09.38.39:951][142]LogModuleManager: Shutting down and abandoning module CrashTracker (171)
[2014.12.06-09.38.39:951][142]LogModuleManager: Shutting down and abandoning module SuperSearch (170)
[2014.12.06-09.38.39:951][142]LogModuleManager: Shutting down and abandoning module SceneOutliner (169)
[2014.12.06-09.38.39:951][142]LogModuleManager: Shutting down and abandoning module EditorWidgets (168)
[2014.12.06-09.38.39:951][142]LogModuleManager: Shutting down and abandoning module CollectionManager (167)
[2014.12.06-09.38.39:951][142]LogModuleManager: Shutting down and abandoning module StatsViewer (166)
[2014.12.06-09.38.39:951][142]LogModuleManager: Shutting down and abandoning module FoliageEdit (165)
[2014.12.06-09.38.39:951][142]LogModuleManager: Shutting down and abandoning module LandscapeEditor (164)
[2014.12.06-09.38.39:951][142]LogModuleManager: Shutting down and abandoning module MeshPaint (163)
[2014.12.06-09.38.39:952][142]LogModuleManager: Shutting down and abandoning module ActorPickerMode (162)
[2014.12.06-09.38.39:952][142]LogModuleManager: Shutting down and abandoning module GeometryMode (161)
[2014.12.06-09.38.39:952][142]LogModuleManager: Shutting down and abandoning module TextureAlignMode (160)
[2014.12.06-09.38.39:952][142]LogModuleManager: Shutting down and abandoning module BspMode (159)
[2014.12.06-09.38.39:952][142]LogModuleManager: Shutting down and abandoning module PlacementMode (158)
[2014.12.06-09.38.39:952][142]LogModuleManager: Shutting down and abandoning module AutomationWorker (157)
[2014.12.06-09.38.39:952][142]LogModuleManager: Shutting down and abandoning module CharacterAI (156)
[2014.12.06-09.38.39:952][142]LogModuleManager: Shutting down and abandoning module GameProjectGeneration (155)
[2014.12.06-09.38.39:952][142]LogModuleManager: Shutting down and abandoning module IntroTutorials (154)
[2014.12.06-09.38.39:952][142]LogModuleManager: Shutting down and abandoning module EditorLiveStreaming (153)
[2014.12.06-09.38.39:952][142]LogModuleManager: Shutting down and abandoning module HardwareTargeting (152)
[2014.12.06-09.38.39:952][142]LogModuleManager: Shutting down and abandoning module DeviceProfileEditor (151)
[2014.12.06-09.38.39:952][142]LogModuleManager: Shutting down and abandoning module UndoHistory (150)
[2014.12.06-09.38.39:952][142]LogModuleManager: Shutting down and abandoning module GameplayTagsEditor (149)
[2014.12.06-09.38.39:952][142]LogModuleManager: Shutting down and abandoning module UserFeedback (148)
[2014.12.06-09.38.39:952][142]LogModuleManager: Shutting down and abandoning module XmlParser (147)
[2014.12.06-09.38.39:952][142]LogModuleManager: Shutting down and abandoning module Blutility (146)
[2014.12.06-09.38.39:952][142]LogModuleManager: Shutting down and abandoning module IOSPlatformEditor (145)
[2014.12.06-09.38.39:952][142]LogModuleManager: Shutting down and abandoning module IOSRuntimeSettings (144)
[2014.12.06-09.38.39:952][142]LogModuleManager: Shutting down and abandoning module AndroidPlatformEditor (143)
[2014.12.06-09.38.39:952][142]LogModuleManager: Shutting down and abandoning module AndroidRuntimeSettings (142)
[2014.12.06-09.38.39:952][142]LogModuleManager: Shutting down and abandoning module ProjectTargetPlatformEditor (141)
[2014.12.06-09.38.39:952][142]LogModuleManager: Shutting down and abandoning module ProjectSettingsViewer (140)
[2014.12.06-09.38.39:952][142]LogModuleManager: Shutting down and abandoning module InputBindingEditor (139)
[2014.12.06-09.38.39:952][142]LogModuleManager: Shutting down and abandoning module EditorSettingsViewer (138)
[2014.12.06-09.38.39:952][142]LogModuleManager: Shutting down and abandoning module SettingsEditor (137)
[2014.12.06-09.38.39:952][142]LogModuleManager: Shutting down and abandoning module ProjectLauncher (136)
[2014.12.06-09.38.39:952][142]LogModuleManager: Shutting down and abandoning module SessionFrontend (135)
[2014.12.06-09.38.39:952][142]LogModuleManager: Shutting down and abandoning module ProfilerClient (134)
[2014.12.06-09.38.39:952][142]LogModuleManager: Shutting down and abandoning module TargetDeviceServices (133)
[2014.12.06-09.38.39:952][142]LogModuleManager: Shutting down and abandoning module DeviceManager (132)
[2014.12.06-09.38.39:953][142]LogModuleManager: Shutting down and abandoning module AutomationController (131)
[2014.12.06-09.38.39:953][142]LogModuleManager: Shutting down and abandoning module AutomationWindow (130)
[2014.12.06-09.38.39:953][142]LogModuleManager: Shutting down and abandoning module Layers (129)
[2014.12.06-09.38.39:953][142]LogModuleManager: Shutting down and abandoning module ComponentVisualizers (128)
[2014.12.06-09.38.39:953][142]LogModuleManager: Shutting down and abandoning module DetailCustomizations (127)
[2014.12.06-09.38.39:953][142]LogModuleManager: Shutting down and abandoning module PackagesDialog (126)
[2014.12.06-09.38.39:953][142]LogModuleManager: Shutting down and abandoning module AssetRegistry (125)
[2014.12.06-09.38.40:039][142]LogModuleManager: Shutting down and abandoning module Persona (124)
[2014.12.06-09.38.40:039][142]LogModuleManager: Shutting down and abandoning module Kismet (123)
[2014.12.06-09.38.40:039][142]LogModuleManager: Shutting down and abandoning module GraphEditor (122)
[2014.12.06-09.38.40:039][142]LogModuleManager: Shutting down and abandoning module ClassViewer (121)
[2014.12.06-09.38.40:040][142]LogModuleManager: Shutting down and abandoning module Toolbox (120)
[2014.12.06-09.38.40:040][142]LogModuleManager: Shutting down and abandoning module ModuleUI (119)
[2014.12.06-09.38.40:040][142]LogModuleManager: Shutting down and abandoning module MovieSceneTools (118)
[2014.12.06-09.38.40:040][142]LogModuleManager: Shutting down and abandoning module OutputLog (117)
[2014.12.06-09.38.40:040][142]LogModuleManager: Shutting down and abandoning module GammaUI (116)
[2014.12.06-09.38.40:040][142]LogModuleManager: Shutting down and abandoning module Documentation (115)
[2014.12.06-09.38.40:040][142]LogModuleManager: Shutting down and abandoning module GameLiveStreaming (114)
[2014.12.06-09.38.40:040][142]LogModuleManager: Shutting down and abandoning module StreamingPauseRendering (113)
[2014.12.06-09.38.40:040][142]LogModuleManager: Shutting down and abandoning module HTTP (112)
[2014.12.06-09.38.40:040][142]LogModuleManager: Shutting down and abandoning module AnalyticsET (111)
[2014.12.06-09.38.40:040][142]LogModuleManager: Shutting down and abandoning module Analytics (110)
[2014.12.06-09.38.40:040][142]LogModuleManager: Shutting down and abandoning module AITestSuite (109)
[2014.12.06-09.38.40:040][142]LogModuleManager: Shutting down and abandoning module AIModule (108)
[2014.12.06-09.38.40:040][142]LogModuleManager: Shutting down and abandoning module ProfilerService (107)
[2014.12.06-09.38.40:051][142]LogModuleManager: Shutting down and abandoning module TaskGraph (106)
[2014.12.06-09.38.40:051][142]LogModuleManager: Shutting down and abandoning module GameplayDebugger (105)
[2014.12.06-09.38.40:051][142]LogModuleManager: Shutting down and abandoning module SlateRemote (104)
[2014.12.06-09.38.40:051][142]LogModuleManager: Shutting down and abandoning module ScriptEditorPlugin (103)
[2014.12.06-09.38.40:051][142]LogModuleManager: Shutting down and abandoning module CustomMeshComponent (102)
[2014.12.06-09.38.40:051][142]LogModuleManager: Shutting down and abandoning module CableComponent (101)
[2014.12.06-09.38.40:051][142]LogModuleManager: Shutting down and abandoning module MessagingDebugger (100)
[2014.12.06-09.38.40:051][142]LogModuleManager: Shutting down and abandoning module MediaPlayerEditor (99)
[2014.12.06-09.38.40:051][142]LogModuleManager: Shutting down and abandoning module SpeedTreeImporter (98)
[2014.12.06-09.38.40:051][142]LogModuleManager: Shutting down and abandoning module PluginsEditor (97)
[2014.12.06-09.38.40:051][142]LogModuleManager: Shutting down and abandoning module EpicSurvey (96)
[2014.12.06-09.38.40:051][142]LogModuleManager: Shutting down and abandoning module DesktopPlatform (95)
[2014.12.06-09.38.40:051][142]LogModuleManager: Shutting down and abandoning module VisualStudioSourceCodeAccess (94)
[2014.12.06-09.38.40:051][142]LogModuleManager: Shutting down and abandoning module UObjectPlugin (93)
[2014.12.06-09.38.40:051][142]LogModuleManager: Shutting down and abandoning module SubversionSourceControl (92)
[2014.12.06-09.38.40:051][142]LogModuleManager: Shutting down and abandoning module SourceControl (91)
[2014.12.06-09.38.40:051][142]LogModuleManager: Shutting down and abandoning module PerforceSourceControl (90)
[2014.12.06-09.38.40:051][142]LogModuleManager: Shutting down and abandoning module BlankPlugin (89)
[2014.12.06-09.38.40:051][142]LogModuleManager: Shutting down and abandoning module SlateReflector (88)
[2014.12.06-09.38.40:051][142]LogModuleManager: Shutting down and abandoning module DirectoryWatcher (87)
[2014.12.06-09.38.40:052][142]LogModuleManager: Shutting down and abandoning module HotReload (86)
[2014.12.06-09.38.40:052][142]LogModuleManager: Shutting down and abandoning module MainFrame (85)
[2014.12.06-09.38.40:052][142]LogModuleManager: Shutting down and abandoning module LevelEditor (84)
[2014.12.06-09.38.40:053][142]LogModuleManager: Shutting down and abandoning module ViewportSnapping (83)
[2014.12.06-09.38.40:053][142]LogModuleManager: Shutting down and abandoning module SmartSnapping (82)
[2014.12.06-09.38.40:053][142]LogModuleManager: Shutting down and abandoning module PaperTiledImporter (81)
[2014.12.06-09.38.40:053][142]LogModuleManager: Shutting down and abandoning module PaperJsonImporter (80)
[2014.12.06-09.38.40:053][142]LogModuleManager: Shutting down and abandoning module ContentBrowser (79)
[2014.12.06-09.38.40:053][142]LogModuleManager: Shutting down and abandoning module Paper2DEditor (78)
[2014.12.06-09.38.40:053][142]LogModuleManager: Shutting down and abandoning module ScriptPlugin (77)
[2014.12.06-09.38.40:053][142]LogModuleManager: Shutting down and abandoning module UdpMessaging (76)
[2014.12.06-09.38.40:153][142]LogModuleManager: Shutting down and abandoning module Paper2D (75)
[2014.12.06-09.38.40:153][142]LogModuleManager: Shutting down and abandoning module UE4Game (74)
[2014.12.06-09.38.40:153][142]LogModuleManager: Shutting down and abandoning module WindowsMoviePlayer (73)
[2014.12.06-09.38.40:158][142]LogModuleManager: Shutting down and abandoning module Media (72)
[2014.12.06-09.38.40:158][142]LogModuleManager: Shutting down and abandoning module WmfMedia (71)
[2014.12.06-09.38.40:158][142]LogModuleManager: Shutting down and abandoning module OnlineBlueprintSupport (70)
[2014.12.06-09.38.40:158][142]LogModuleManager: Shutting down and abandoning module PropertyEditor (69)
[2014.12.06-09.38.40:159][142]LogModuleManager: Shutting down and abandoning module BehaviorTreeEditor (68)
[2014.12.06-09.38.40:159][142]LogModuleManager: Shutting down and abandoning module FunctionalTesting (67)
[2014.12.06-09.38.40:159][142]LogModuleManager: Shutting down and abandoning module CollisionAnalyzer (66)
[2014.12.06-09.38.40:159][142]LogModuleManager: Shutting down and abandoning module WorkspaceMenuStructure (65)
[2014.12.06-09.38.40:159][142]LogModuleManager: Shutting down and abandoning module MessageLog (64)
[2014.12.06-09.38.40:159][142]LogModuleManager: Shutting down and abandoning module Sequencer (63)
[2014.12.06-09.38.40:159][142]LogModuleManager: Shutting down and abandoning module AssetTools (62)
[2014.12.06-09.38.40:159][142]LogModuleManager: Shutting down and abandoning module UMGEditor (61)
[2014.12.06-09.38.40:159][142]LogModuleManager: Shutting down and abandoning module UMG (60)
[2014.12.06-09.38.40:159][142]LogModuleManager: Shutting down and abandoning module Slate (59)
[2014.12.06-09.38.40:159][142]LogModuleManager: Shutting down and abandoning module EditorStyle (58)
[2014.12.06-09.38.40:170][142]LogModuleManager: Shutting down and abandoning module SessionServices (57)
[2014.12.06-09.38.40:170][142]LogModuleManager: Shutting down and abandoning module SourceCodeAccess (56)
[2014.12.06-09.38.40:170][142]LogModuleManager: Shutting down and abandoning module HeadMountedDisplay (55)
[2014.12.06-09.38.40:170][142]LogModuleManager: Shutting down and abandoning module XAudio2 (54)
[2014.12.06-09.38.40:170][142]LogModuleManager: Shutting down and abandoning module Networking (52)
[2014.12.06-09.38.40:170][142]LogModuleManager: Shutting down and abandoning module Core (51)
[2014.12.06-09.38.40:170][142]LogModuleManager: Shutting down and abandoning module KismetCompiler (50)
[2014.12.06-09.38.40:171][142]LogModuleManager: Shutting down and abandoning module PhysXFormats (49)
[2014.12.06-09.38.40:171][142]LogModuleManager: Shutting down and abandoning module MeshUtilities (48)
[2014.12.06-09.38.40:171][142]LogModuleManager: Shutting down and abandoning module DerivedDataCache (47)
[2014.12.06-09.38.40:266][142]LogDerivedDataCache: Shutdown
[2014.12.06-09.38.40:266][142]LogModuleManager: Shutting down and abandoning module ShaderFormatOpenGL (46)
[2014.12.06-09.38.40:266][142]LogModuleManager: Shutting down and abandoning module ShaderFormatD3D (45)
[2014.12.06-09.38.40:266][142]LogModuleManager: Shutting down and abandoning module MetalShaderFormat (44)
[2014.12.06-09.38.40:267][142]LogModuleManager: Shutting down and abandoning module TextureFormatUncompressed (43)
[2014.12.06-09.38.40:267][142]LogModuleManager: Shutting down and abandoning module TextureFormatPVR (42)
[2014.12.06-09.38.40:267][142]LogModuleManager: Shutting down and abandoning module TextureFormatDXT (41)
[2014.12.06-09.38.40:267][142]LogModuleManager: Shutting down and abandoning module TextureFormatAndroid (40)
[2014.12.06-09.38.40:267][142]LogModuleManager: Shutting down and abandoning module AudioFormatOpus (39)
[2014.12.06-09.38.40:267][142]LogModuleManager: Shutting down and abandoning module AudioFormatOgg (38)
[2014.12.06-09.38.40:267][142]LogModuleManager: Shutting down and abandoning module AudioFormatADPCM (37)
[2014.12.06-09.38.40:267][142]LogModuleManager: Shutting down and abandoning module LinuxTargetPlatform (36)
[2014.12.06-09.38.40:267][142]LogModuleManager: Shutting down and abandoning module LinuxServerTargetPlatform (35)
[2014.12.06-09.38.40:267][142]LogModuleManager: Shutting down and abandoning module LinuxNoEditorTargetPlatform (34)
[2014.12.06-09.38.40:267][142]LogModuleManager: Shutting down and abandoning module Messaging (33)
[2014.12.06-09.38.40:267][142]LogModuleManager: Shutting down and abandoning module IOSTargetPlatform (32)
[2014.12.06-09.38.40:267][142]LogModuleManager: Shutting down and abandoning module Android_PVRTCTargetPlatform (31)
[2014.12.06-09.38.40:267][142]LogModuleManager: Shutting down and abandoning module Android_ETC2TargetPlatform (30)
[2014.12.06-09.38.40:267][142]LogModuleManager: Shutting down and abandoning module Android_ETC1TargetPlatform (29)
[2014.12.06-09.38.40:267][142]LogModuleManager: Shutting down and abandoning module Android_DXTTargetPlatform (28)
[2014.12.06-09.38.40:267][142]LogModuleManager: Shutting down and abandoning module Android_ATCTargetPlatform (27)
[2014.12.06-09.38.40:267][142]LogModuleManager: Shutting down and abandoning module AndroidTargetPlatform (26)
[2014.12.06-09.38.40:267][142]LogModuleManager: Shutting down and abandoning module WindowsTargetPlatform (25)
[2014.12.06-09.38.40:267][142]LogModuleManager: Shutting down and abandoning module WindowsServerTargetPlatform (24)
[2014.12.06-09.38.40:267][142]LogModuleManager: Shutting down and abandoning module WindowsNoEditorTargetPlatform (23)
[2014.12.06-09.38.40:267][142]LogModuleManager: Shutting down and abandoning module WindowsClientTargetPlatform (22)
[2014.12.06-09.38.40:267][142]LogModuleManager: Shutting down and abandoning module TargetPlatform (21)
[2014.12.06-09.38.40:267][142]LogModuleManager: Shutting down and abandoning module InputCore (20)
[2014.12.06-09.38.40:267][142]LogModuleManager: Shutting down and abandoning module Settings (19)
[2014.12.06-09.38.40:268][142]LogModuleManager: Shutting down and abandoning module ImageWrapper (18)
[2014.12.06-09.38.40:268][142]LogModuleManager: Shutting down and abandoning module OculusRift (15)
[2014.12.06-09.38.40:268][142]LogModuleManager: Shutting down and abandoning module ExampleDeviceProfileSelector (14)
[2014.12.06-09.38.40:268][142]LogModuleManager: Shutting down and abandoning module TextureCompressor (13)
[2014.12.06-09.38.40:268][142]LogModuleManager: Shutting down and abandoning module ShaderCore (12)
[2014.12.06-09.38.40:268][142]LogModuleManager: Shutting down and abandoning module Landscape (11)
[2014.12.06-09.38.40:268][142]LogModuleManager: Shutting down and abandoning module SlateRHIRenderer (10)
[2014.12.06-09.38.40:273][142]LogModuleManager: Shutting down and abandoning module OpenGLDrv (9)
[2014.12.06-09.38.40:273][142]LogModuleManager: Shutting down and abandoning module D3D11RHI (8)
[2014.12.06-09.38.40:273][142]LogModuleManager: Shutting down and abandoning module Renderer (7)
[2014.12.06-09.38.40:273][142]LogModuleManager: Shutting down and abandoning module Engine (6)
[2014.12.06-09.38.40:273][142]LogModuleManager: Shutting down and abandoning module CoreUObject (5)
[2014.12.06-09.38.40:273][142]LogModuleManager: Shutting down and abandoning module NetworkFile (4)
[2014.12.06-09.38.40:273][142]LogModuleManager: Shutting down and abandoning module StreamingFile (3)
[2014.12.06-09.38.40:273][142]LogModuleManager: Shutting down and abandoning module SandboxFile (2)
[2014.12.06-09.38.40:273][142]LogModuleManager: Shutting down and abandoning module PakFile (1)
[2014.12.06-09.38.40:274][142]LogExit: Exiting.
[2014.12.06-09.38.40:285][142]Log file closed, 12/06/14 03:38:40
